bash manager(v): [1m---- TASK: 12 Bank Home ------------[0m
Skip to navigationSkip to main contentSkip to footer
THE HUB
￼
TRANSFERS
￼
PAYMENTS
￼
SERVICE CENTER
LOG OUT
Alerts
Profile
Open an Account
￼
We’ve simplified how you set up direct deposit.
Learn More
Remind me later
My Accounts
￼
Print Page
￼
Manage Hub Views
Tool Kits
￼
Manage Tool Views

Open an Account
Apply Online
Find a Branch
Talk to a Banker
￼Schedule a Call
IDENTITY PROTECTION
SECURITY
PRIVACY
ONLINE GUARANTEE
￼GIVE FEEDBACK
bash manager(v): [1m------------------------------------[0m
