bash manager(v): ---- TASK: 12 Bank Home ------------
Messages Mobile Settings Log Off
Welcome.  Last logged on Jul 16, 2022 03:08 PM Eastern Time Zone
Accounts
Checking Accounts
Checking (Checking)
Available
$213.75
Current
$251.75
Savings Accounts
Savings (Savings)
Available
$46.46
Current
$51.46
Christmas (Savings)
Available
$450.08
Current
4650.08

Scheduled Transfers
View All
Upcoming Bills
View all
Enroll for Bill Payments
PayBills Enrollment Image
Services
Car Buying Service
Live Chat
Footer Image
Terms and Conditions
Contact Us
Mobile Deposit
Mobile Banking App
Credit Sense
Calculators
Apply for a Loan
Valet App
BankA
Copyright 2022 BankA. All rights reserved.
bash manager(v): ------------------------------------
