bash manager(v): [1m---- TASK: 14 Bank Details ------------[0m
Skip to navigationSkip to main contentSkip to footer
THE HUB

TRANSFERS

PAYMENTS

SERVICE CENTER
LOG OUT
Alerts
Profile
Open an Account
Asterisk-Free Checking
… 
Today's Beginning Balance 
?
$4.14
Pending Transactions 
?
$0.00
Deposit Holds 
?
$0.00
Account Balance
$4.14




Print Page

Account Numbers & More

Manage Cards

Overdraft Scenarios
View Statements

Show More
Save smart with Money ScoutSM.

LEARN MORE
Transaction History
Scheduled Transfers & Payments

Download Transactions

Advanced Search
Table View
Simple
Detailed
Transaction History
Date
Description
Amount
Balance
07/19/2022
MCDONALD'S F15566
-$5.43
$4.14
Press enter to view more details on this transaction
07/18/2022
KROGER #9 8150 ROC
-$23.64
$9.57
Press enter to view more details on this transaction
07/15/2022
07/01/2022
KROGER #9 8150 ROC
-$45.00
$1,135.46
Press enter to view more details on this transaction
07/01/2022
KROGER #9 8150 ROC
-$18.33
$1,180.46
Press enter to view more details on this transaction
07/01/2022
KROGER FUEL CTR 81
-$55.92
$1,198.79
Press enter to view more details on this transaction
VIEW A REPORT
EDIT TRANSACTIONS
1 - 50
Enter a date range. All other fields are optional but help to narrow down your results.

From
6/20/2022
Select Start Date
To
7/20/2022
Select End Date
Type
Select type
Description or Payee
Amount
Equal to
$
Check Number
Apply
Open an Account
Apply Online
Visit My Branch
Find a Branch
Talk to a Banker
Schedule a Call
IDENTITY PROTECTION
SECURITY
PRIVACY
ONLINE GUARANTEE
GIVE FEEDBACK
