bash manager(v): ---- TASK: 14 Bank Details ------------
￼	Messages Mobile Settings Log Off
account_balance_wallet Accounts
horiz Transfers
Pay Bills
MyMoney
Account Details
 Switch Account
Checking (Checking)
$313.75
Available Balance
Current Balance $351.75
Transfer Money
Account Info
eNotices
eStatements
Export Transactions
 More actions
Transaction Details
￼
From
￼
 
To
￼
 
Check #
￼ 
From #
￼ 
To #
￼ 
Description
￼ 
Amount
￼ 
From
￼ 
To
￼
￼Search Clear Search
print Print Transactions

Pending Transactions

Date 	Description 	Amount 	
JUL 18, 2022	8398 COMPASSION INTER CO COLORADO SPRI   COMPASSION INTERNA	-$38.00	
Past Transactions

Date 	Description 	Amount 	Balance
JUL 18, 2022	POS PURCH - GOODWILL STORE 2 5931               IN 317-8399212     GOODWILL STORE 27  US	-$3.20	$551.75
JUL 18, 2022	POS PURCH - CICI'S PIZZA #63 5814               IN INDIANAPOLIS    CICI'S PIZZA #635  US	-$40.60	$554.95
JUL 16, 2022	POS PURCH - KROGER #500      5411               IN INDIANAPOLIS    KROGER #500        US	-$2.14	$595.55
JUL 15, 2022	ACH TRANS - COMPASSIONATE SO;071522;PAYMENT	-$50.00	$597.69
JUL 15, 2022	POS PURCH - MNRD-AVON 10555  5200               IN AVON            MNRD-AVON 10555 EASUS	-$2.13	$647.69
￼Next 50 Transactions
￼
Terms and Conditions
Contact Us
Mobile Deposit
Mobile Banking App
Credit Sense
Calculators
Apply for a Loan
CardValet App
BankA
Copyright 2022 BankA, Inc. All rights reserved.
bash manager(v): ---------------------------------------
