bash manager(v): [1m---- TASK: 18 Bank Logout ------------[0m
You have successfully logged out.
Skip to navigationSkip to main contentSkip to loginSkip to footer
￼
Open an Account
Customer Service
Community
Security
Personal
Private Bank
Business
Commercial
Search Input￼￼
Banking
Borrowing
Investments
Insurance
Learn
Online Services
Security
￼Login
Personal & Business
Commercial
Other
￼￼Log into Online Banking
Username￼
Password￼
￼Log In
Forgot Username?
Forgot Password?
New to Online Banking?
Enroll Now or Learn More
Skip to navigation
Learn More
￼
Looking out for you.
It's about more than managing your money, it’s about helping you experience a deeper relationship with your money through access to innovative products, tools, and services. Welcome.

Learn More
Qualify for Standby Cash®
Standby Cash allows you to access between $100 and $1,000 with no interest or fees—just pay it back over three months. And, it's absolutely free when you set up automatic payments. Otherwise, a 1% monthly interest charge (12% APR) applies to the outstanding balances.†

Learn More
Get a Mortgage Pre-Approval
Our lending team can show you how much house you can afford and provide a pre-approval on your mortgage—which can give you an edge with sellers.

Learn More
Explore Savings Accounts
Your money could be working harder for you. Open a savings or money market account and start earning interest.

Learn More
Financial Stability and Wealth Live at Home

Find a loan officer near you to learn more

￼Play Video
￼
Community is at the heart of what we do.
Our 2021 Strategic Community Plan pledges $40 billion to strengthen small businesses and foster economic justice throughout the bank’s footprint over the next five years.

Learn More

￼
Forbes
America’s Best Large Employers
We are honored to be included on the Forbes and Statista America's best large employers award list.

￼
Community is at the heart of what we do.
Our 2021 Strategic Community Plan pledges $40 billion to strengthen small businesses and foster economic justice throughout the bank’s footprint over the next five years.

Learn More

￼
Forbes
America’s Best Large Employers
We are honored to be included on the Forbes and Statista America's best large employers award list.

Community Involvement
￼Select a Region￼
Indiana
￼See Our Impact
In Indiana, home construction is steadily rising and automakers have invested billions in improving their plants. We're also invested in the region. We support affordable housing and financial literacy, and work to improve the lives of those most vulnerable in our communities.

View All Community Involvement
Mastercard and Mastercard Brand Mark are registered trademarks of Mastercard International Incorporated.

§ Your account will be automatically closed if it remains negative in any amount for 60 days, including if your account is overdrawn within our $50 Safety Zone.

TOP
About Us Investor Relations Careers Site Map Privacy Policies Privacy & Security Terms of Use Email Updates All Branches & ATMS Routing Numbers ￼Give Feedback
Lending products are subject to credit application and approval.

Investment, Insurance and Non-deposit Trust products are: NOT A DEPOSIT • NOT FDIC INSURED • NOT GUARANTEED BY THE BANK • NOT INSURED BY ANY FEDERAL GOVERNMENT AGENCY • MAY LOSE VALUE

bash manager(v): [1m--------------------------------------[0m
